11-07 22:27:55 com_github_MitjaNemec_ReplicateLayout.action_replicate_layout 392:Plugin executed on: 'win32'
11-07 22:27:55 com_github_MitjaNemec_ReplicateLayout.action_replicate_layout 393:Plugin executed with python version: '3.11.5 (main, Aug 14 2024, 05:26:19) [MSC v.1939 64 bit (AMD64)]'
11-07 22:27:55 com_github_MitjaNemec_ReplicateLayout.action_replicate_layout 394:KiCad build version: 8.0.6
11-07 22:27:55 com_github_MitjaNemec_ReplicateLayout.action_replicate_layout 395:Plugin version: 3.0.3
11-07 22:27:55 com_github_MitjaNemec_ReplicateLayout.action_replicate_layout 396:Frame repr: <wx._core.Frame object at 0x0000026EAA5A4B80>
11-07 22:27:55 com_github_MitjaNemec_ReplicateLayout.action_replicate_layout 420:Preparing replicator with R2 as a reference
11-07 22:27:55 com_github_MitjaNemec_ReplicateLayout.replicate_layout 117:getting a list of all footprints on board
11-07 22:27:55 com_github_MitjaNemec_ReplicateLayout.action_replicate_layout 468:source anchor footprint is 'R2'
Located on: ['channel_1']
With filenames: ['channel_1.kicad_sch']
With sheet_id:['channel_1']
11-07 22:27:55 com_github_MitjaNemec_ReplicateLayout.action_replicate_layout 475:Corresponding footprints are 
[('R20', ['channel_4']), ('R14', ['channel_3']), ('R8', ['channel_2']), ('R2', ['channel_1'])]
11-07 22:27:55 com_github_MitjaNemec_ReplicateLayout.action_replicate_layout 487:Showing dialog
11-07 22:27:55 com_github_MitjaNemec_ReplicateLayout.replicate_layout 472:constructing a list of sheets suitable for replication on level:'channel_1', file:'channel_1.kicad_sch'
11-07 22:27:55 com_github_MitjaNemec_ReplicateLayout.replicate_layout 509:suitable sheets are:[['channel_2'], ['channel_3'], ['channel_4']]
11-07 22:27:55 com_github_MitjaNemec_ReplicateLayout.replicate_layout 1507:Level selected: ['channel_1']
11-07 22:27:55 com_github_MitjaNemec_ReplicateLayout.replicate_layout 1331:Filtering list of tracks
11-07 22:27:55 com_github_MitjaNemec_ReplicateLayout.action_replicate_layout 493:Toolbar position: wx.Point(4852, 111)
11-07 22:27:55 com_github_MitjaNemec_ReplicateLayout.action_replicate_layout 498:Dialog position: wx.Point(4413, 111)
11-07 22:27:57 com_github_MitjaNemec_ReplicateLayout.replicate_layout 472:constructing a list of sheets suitable for replication on level:'channel_1', file:'channel_1.kicad_sch'
11-07 22:27:57 com_github_MitjaNemec_ReplicateLayout.replicate_layout 509:suitable sheets are:[['channel_2'], ['channel_3'], ['channel_4']]
11-07 22:27:57 com_github_MitjaNemec_ReplicateLayout.action_replicate_layout 240:Replicating layout
11-07 22:27:57 com_github_MitjaNemec_ReplicateLayout.replicate_layout 288:Starting replication of sheets: [['channel_2'], ['channel_3'], ['channel_4']]
on level: ['channel_1']
with tracks=True, zone=True, text=True, text=True, intersecting=False, remove=False, locked footprints=False, group_only=False
11-07 22:27:57 root 332:updating GUI message: 'Preparing for replication'
11-07 22:27:57 root 337:updating GUI with: 0
11-07 22:27:57 com_github_MitjaNemec_ReplicateLayout.replicate_layout 358:Getting the list of source footprints
11-07 22:27:57 com_github_MitjaNemec_ReplicateLayout.replicate_layout 368:Getting the list of all the remaining footprints
11-07 22:27:57 com_github_MitjaNemec_ReplicateLayout.replicate_layout 375:Getting source tracks
11-07 22:27:57 com_github_MitjaNemec_ReplicateLayout.replicate_layout 1331:Filtering list of tracks
11-07 22:27:57 com_github_MitjaNemec_ReplicateLayout.replicate_layout 379:Getting source zones
11-07 22:27:57 com_github_MitjaNemec_ReplicateLayout.replicate_layout 383:Getting source text items
11-07 22:27:57 com_github_MitjaNemec_ReplicateLayout.replicate_layout 387:Getting source drawing items
11-07 22:27:57 root 332:updating GUI message: 'Replicating footprints'
11-07 22:27:57 com_github_MitjaNemec_ReplicateLayout.replicate_layout 861:Replicating footprints
11-07 22:27:57 com_github_MitjaNemec_ReplicateLayout.replicate_layout 868:Replicating footprints on sheet ['channel_2']
11-07 22:27:57 com_github_MitjaNemec_ReplicateLayout.replicate_layout 985:Src text UUid:2fac31a4-0fcf-43c2-8b6c-3262d228a9ec
11-07 22:27:57 com_github_MitjaNemec_ReplicateLayout.replicate_layout 986:Dst text UUid:14aba3c9-81f8-4543-83ad-a40bfa561b8e
11-07 22:27:57 com_github_MitjaNemec_ReplicateLayout.replicate_layout 985:Src text UUid:33c7da7e-f149-475a-a571-8c1217223de3
11-07 22:27:57 com_github_MitjaNemec_ReplicateLayout.replicate_layout 986:Dst text UUid:e1d8f123-d360-4ec5-8781-93d90508f3a0
11-07 22:27:57 com_github_MitjaNemec_ReplicateLayout.replicate_layout 985:Src text UUid:c2e4b5f8-cf55-418e-9efb-851728e62136
11-07 22:27:57 com_github_MitjaNemec_ReplicateLayout.replicate_layout 986:Dst text UUid:7a0dfbf9-32a1-4177-956b-317b33abfe9e
11-07 22:27:57 com_github_MitjaNemec_ReplicateLayout.replicate_layout 985:Src text UUid:d001eb8f-9ee8-44f1-bc6c-1bd9864e9823
11-07 22:27:57 com_github_MitjaNemec_ReplicateLayout.replicate_layout 986:Dst text UUid:850ce920-d88a-4083-ae4f-d8e41dd483d9
11-07 22:27:57 com_github_MitjaNemec_ReplicateLayout.replicate_layout 985:Src text UUid:00f961e1-cc3f-42f3-b080-e1d086d5bfee
11-07 22:27:57 com_github_MitjaNemec_ReplicateLayout.replicate_layout 986:Dst text UUid:54b81dd3-87d3-48ef-a3e6-9d966b41a3bf
11-07 22:27:57 com_github_MitjaNemec_ReplicateLayout.replicate_layout 985:Src text UUid:eb529123-036c-4546-8bcf-6f13206b9c31
11-07 22:27:57 com_github_MitjaNemec_ReplicateLayout.replicate_layout 986:Dst text UUid:392e7449-a48d-4f0b-b094-03b24a36aa33
11-07 22:27:57 com_github_MitjaNemec_ReplicateLayout.replicate_layout 985:Src text UUid:a42f7712-11af-4933-ad38-ede9f54f5269
11-07 22:27:57 com_github_MitjaNemec_ReplicateLayout.replicate_layout 986:Dst text UUid:e7287c53-34a2-4596-a622-6168415c2893
11-07 22:27:57 com_github_MitjaNemec_ReplicateLayout.replicate_layout 985:Src text UUid:fcc16384-afcd-45fa-88c2-8f8914db7f58
11-07 22:27:57 com_github_MitjaNemec_ReplicateLayout.replicate_layout 986:Dst text UUid:8fdaa642-f2b6-4001-9280-4e3dc858d7d1
11-07 22:27:57 com_github_MitjaNemec_ReplicateLayout.replicate_layout 985:Src text UUid:12be2c3c-5458-4aaa-8c1d-3bc246e440f9
11-07 22:27:57 com_github_MitjaNemec_ReplicateLayout.replicate_layout 986:Dst text UUid:7dc78d52-355c-42de-99b2-0de239011bb8
11-07 22:27:57 com_github_MitjaNemec_ReplicateLayout.replicate_layout 985:Src text UUid:1710b72b-4dec-4cba-ade4-f7b3ff1557b6
11-07 22:27:57 com_github_MitjaNemec_ReplicateLayout.replicate_layout 986:Dst text UUid:8f8a8c5e-2faf-49a6-8c2d-f734b47fa244
11-07 22:27:57 com_github_MitjaNemec_ReplicateLayout.replicate_layout 985:Src text UUid:7077cc7f-ad87-4885-b9e4-9adb8a126334
11-07 22:27:57 com_github_MitjaNemec_ReplicateLayout.replicate_layout 986:Dst text UUid:d8b92104-0ce5-4c15-8b36-5ad5ccd377b7
11-07 22:27:57 com_github_MitjaNemec_ReplicateLayout.replicate_layout 985:Src text UUid:6e4cdcef-9ee9-4be7-be21-cbff60960e01
11-07 22:27:57 com_github_MitjaNemec_ReplicateLayout.replicate_layout 986:Dst text UUid:fffa2071-0e8c-4215-9cc0-d30e17635368
11-07 22:27:57 com_github_MitjaNemec_ReplicateLayout.replicate_layout 985:Src text UUid:94c0d16f-48c1-4c5c-b800-b6b9b303cd7e
11-07 22:27:57 com_github_MitjaNemec_ReplicateLayout.replicate_layout 986:Dst text UUid:3da0305e-aade-4847-b88e-464f203ff049
11-07 22:27:57 com_github_MitjaNemec_ReplicateLayout.replicate_layout 985:Src text UUid:370ab688-e262-446a-8ca3-403179c34c38
11-07 22:27:57 com_github_MitjaNemec_ReplicateLayout.replicate_layout 986:Dst text UUid:e9c11b15-2d07-4447-b925-e2cd1d528282
11-07 22:27:57 com_github_MitjaNemec_ReplicateLayout.replicate_layout 985:Src text UUid:a68d117b-4557-4635-8b62-30b52610fb8e
11-07 22:27:57 com_github_MitjaNemec_ReplicateLayout.replicate_layout 986:Dst text UUid:9216d572-40c1-41d8-a94d-9305a8b64d0b
11-07 22:27:57 com_github_MitjaNemec_ReplicateLayout.replicate_layout 985:Src text UUid:3a07dbd9-bec8-4c9e-abab-d285a51a539c
11-07 22:27:57 com_github_MitjaNemec_ReplicateLayout.replicate_layout 986:Dst text UUid:2c0f159b-4636-4010-b9a7-00ad6cbc7dd6
11-07 22:27:57 com_github_MitjaNemec_ReplicateLayout.replicate_layout 985:Src text UUid:6a1af816-1c37-4015-ace8-991bd9db9e72
11-07 22:27:57 com_github_MitjaNemec_ReplicateLayout.replicate_layout 986:Dst text UUid:85d9460b-1c20-4870-b212-55def21b032e
11-07 22:27:57 com_github_MitjaNemec_ReplicateLayout.replicate_layout 985:Src text UUid:44a3415e-0815-44fd-a81f-c83161ed5c00
11-07 22:27:57 com_github_MitjaNemec_ReplicateLayout.replicate_layout 986:Dst text UUid:cd3c5a69-f357-485e-acdc-7cd747f680b2
11-07 22:27:57 com_github_MitjaNemec_ReplicateLayout.replicate_layout 985:Src text UUid:f0f70dad-8f25-4221-ac39-fc1a96e8d885
11-07 22:27:57 com_github_MitjaNemec_ReplicateLayout.replicate_layout 986:Dst text UUid:8a97dd10-0fb2-4aaf-866f-cf405ef29e9c
11-07 22:27:57 com_github_MitjaNemec_ReplicateLayout.replicate_layout 985:Src text UUid:376623e0-e9a1-41ea-8d5d-a76724d5d6fb
11-07 22:27:57 com_github_MitjaNemec_ReplicateLayout.replicate_layout 986:Dst text UUid:a0bfb178-82ac-463e-9fe1-ec1676ffb76d
11-07 22:27:57 com_github_MitjaNemec_ReplicateLayout.replicate_layout 985:Src text UUid:23b1bcd6-25eb-436f-a0cd-ff33b5dcf06e
11-07 22:27:57 com_github_MitjaNemec_ReplicateLayout.replicate_layout 986:Dst text UUid:709e296b-eeda-4d6f-92c7-cc0d70d2ca51
11-07 22:27:57 com_github_MitjaNemec_ReplicateLayout.replicate_layout 985:Src text UUid:179d54fb-40cf-4ede-9299-c0829ad55f75
11-07 22:27:57 com_github_MitjaNemec_ReplicateLayout.replicate_layout 986:Dst text UUid:7124e866-2ae5-4a7a-9d2e-2efe76447a09
11-07 22:27:57 com_github_MitjaNemec_ReplicateLayout.replicate_layout 985:Src text UUid:37b4b3b5-e5e1-4a19-bc96-74e7073e3771
11-07 22:27:57 com_github_MitjaNemec_ReplicateLayout.replicate_layout 986:Dst text UUid:f09572c7-8d27-41d5-8d62-c52659e18d15
11-07 22:27:57 com_github_MitjaNemec_ReplicateLayout.replicate_layout 985:Src text UUid:8ca0b7f5-8bad-45fd-a25f-e7397b8a365b
11-07 22:27:57 com_github_MitjaNemec_ReplicateLayout.replicate_layout 986:Dst text UUid:b0a1bbcd-1a75-4709-8f30-4de8c718e12d
11-07 22:27:57 com_github_MitjaNemec_ReplicateLayout.replicate_layout 985:Src text UUid:43597da1-5a72-45db-b3e1-bae60c7c9b71
11-07 22:27:57 com_github_MitjaNemec_ReplicateLayout.replicate_layout 986:Dst text UUid:0da668e1-9a83-4490-afdf-7509bfd6f324
11-07 22:27:57 com_github_MitjaNemec_ReplicateLayout.replicate_layout 985:Src text UUid:dc39225d-697f-4e8b-961e-7ad68999860d
11-07 22:27:57 com_github_MitjaNemec_ReplicateLayout.replicate_layout 986:Dst text UUid:27807171-3300-4e61-9db3-1c20d7ebe716
11-07 22:27:57 com_github_MitjaNemec_ReplicateLayout.replicate_layout 985:Src text UUid:c8350ac4-63ab-4091-acf3-9ed8bf4d7014
11-07 22:27:57 com_github_MitjaNemec_ReplicateLayout.replicate_layout 986:Dst text UUid:e173afb0-347b-4090-b516-cb0145c29f41
11-07 22:27:57 com_github_MitjaNemec_ReplicateLayout.replicate_layout 868:Replicating footprints on sheet ['channel_3']
11-07 22:27:57 com_github_MitjaNemec_ReplicateLayout.replicate_layout 985:Src text UUid:2fac31a4-0fcf-43c2-8b6c-3262d228a9ec
11-07 22:27:57 com_github_MitjaNemec_ReplicateLayout.replicate_layout 986:Dst text UUid:26c8eba4-d752-4bd8-b8d0-be83be56cf89
11-07 22:27:57 com_github_MitjaNemec_ReplicateLayout.replicate_layout 985:Src text UUid:33c7da7e-f149-475a-a571-8c1217223de3
11-07 22:27:57 com_github_MitjaNemec_ReplicateLayout.replicate_layout 986:Dst text UUid:132c6775-d3dd-46bd-8f48-bcdaeb0d0289
11-07 22:27:57 com_github_MitjaNemec_ReplicateLayout.replicate_layout 985:Src text UUid:c2e4b5f8-cf55-418e-9efb-851728e62136
11-07 22:27:57 com_github_MitjaNemec_ReplicateLayout.replicate_layout 986:Dst text UUid:7ce8508d-8753-4a77-8b68-10d9727fe56a
11-07 22:27:57 com_github_MitjaNemec_ReplicateLayout.replicate_layout 985:Src text UUid:d001eb8f-9ee8-44f1-bc6c-1bd9864e9823
11-07 22:27:57 com_github_MitjaNemec_ReplicateLayout.replicate_layout 986:Dst text UUid:5b75a812-3f62-4bd8-9b47-d0c96e0b7715
11-07 22:27:57 com_github_MitjaNemec_ReplicateLayout.replicate_layout 985:Src text UUid:00f961e1-cc3f-42f3-b080-e1d086d5bfee
11-07 22:27:57 com_github_MitjaNemec_ReplicateLayout.replicate_layout 986:Dst text UUid:b37c33d4-c8d8-4f79-bab1-eb9cd92f06ac
11-07 22:27:57 com_github_MitjaNemec_ReplicateLayout.replicate_layout 985:Src text UUid:eb529123-036c-4546-8bcf-6f13206b9c31
11-07 22:27:57 com_github_MitjaNemec_ReplicateLayout.replicate_layout 986:Dst text UUid:20497c42-dd87-4bce-8b7d-6e716aa42821
11-07 22:27:57 root 337:updating GUI with: 44
11-07 22:27:57 com_github_MitjaNemec_ReplicateLayout.replicate_layout 985:Src text UUid:a42f7712-11af-4933-ad38-ede9f54f5269
11-07 22:27:57 com_github_MitjaNemec_ReplicateLayout.replicate_layout 986:Dst text UUid:f858acc6-26f3-438c-9302-0d0edaabb32e
11-07 22:27:57 com_github_MitjaNemec_ReplicateLayout.replicate_layout 985:Src text UUid:fcc16384-afcd-45fa-88c2-8f8914db7f58
11-07 22:27:57 com_github_MitjaNemec_ReplicateLayout.replicate_layout 986:Dst text UUid:016cc695-8a10-4e30-8a60-bc1d64ac3317
11-07 22:27:57 com_github_MitjaNemec_ReplicateLayout.replicate_layout 985:Src text UUid:12be2c3c-5458-4aaa-8c1d-3bc246e440f9
11-07 22:27:57 com_github_MitjaNemec_ReplicateLayout.replicate_layout 986:Dst text UUid:272b8bc7-c271-4788-9530-6df422bb209c
11-07 22:27:57 com_github_MitjaNemec_ReplicateLayout.replicate_layout 985:Src text UUid:1710b72b-4dec-4cba-ade4-f7b3ff1557b6
11-07 22:27:57 com_github_MitjaNemec_ReplicateLayout.replicate_layout 986:Dst text UUid:1ded1b8a-81ce-4724-8d0d-d50ee9032d80
11-07 22:27:57 com_github_MitjaNemec_ReplicateLayout.replicate_layout 985:Src text UUid:7077cc7f-ad87-4885-b9e4-9adb8a126334
11-07 22:27:57 com_github_MitjaNemec_ReplicateLayout.replicate_layout 986:Dst text UUid:75f977a7-01b3-4c94-a0f3-7861c1d64184
11-07 22:27:57 com_github_MitjaNemec_ReplicateLayout.replicate_layout 985:Src text UUid:6e4cdcef-9ee9-4be7-be21-cbff60960e01
11-07 22:27:57 com_github_MitjaNemec_ReplicateLayout.replicate_layout 986:Dst text UUid:2c19ed12-76ed-45cf-9657-28321dc73959
11-07 22:27:57 com_github_MitjaNemec_ReplicateLayout.replicate_layout 985:Src text UUid:94c0d16f-48c1-4c5c-b800-b6b9b303cd7e
11-07 22:27:57 com_github_MitjaNemec_ReplicateLayout.replicate_layout 986:Dst text UUid:0fd0d6a5-33bf-4880-a4e3-d290c400632d
11-07 22:27:57 com_github_MitjaNemec_ReplicateLayout.replicate_layout 985:Src text UUid:370ab688-e262-446a-8ca3-403179c34c38
11-07 22:27:57 com_github_MitjaNemec_ReplicateLayout.replicate_layout 986:Dst text UUid:aee0ace9-8c61-4a34-b3e4-8730a49ba77a
11-07 22:27:57 com_github_MitjaNemec_ReplicateLayout.replicate_layout 985:Src text UUid:a68d117b-4557-4635-8b62-30b52610fb8e
11-07 22:27:57 com_github_MitjaNemec_ReplicateLayout.replicate_layout 986:Dst text UUid:02dd9a47-c5b2-4711-a4be-67ac6adc7ffa
11-07 22:27:57 com_github_MitjaNemec_ReplicateLayout.replicate_layout 985:Src text UUid:3a07dbd9-bec8-4c9e-abab-d285a51a539c
11-07 22:27:57 com_github_MitjaNemec_ReplicateLayout.replicate_layout 986:Dst text UUid:dcf0be38-a54c-492b-bc9b-eea6268fcf13
11-07 22:27:57 com_github_MitjaNemec_ReplicateLayout.replicate_layout 985:Src text UUid:6a1af816-1c37-4015-ace8-991bd9db9e72
11-07 22:27:57 com_github_MitjaNemec_ReplicateLayout.replicate_layout 986:Dst text UUid:526adb7d-2e66-4cd2-9f45-139cb12cc79d
11-07 22:27:57 com_github_MitjaNemec_ReplicateLayout.replicate_layout 985:Src text UUid:44a3415e-0815-44fd-a81f-c83161ed5c00
11-07 22:27:57 com_github_MitjaNemec_ReplicateLayout.replicate_layout 986:Dst text UUid:ffd4e070-0a5c-47c3-93c9-c5edad022cfb
11-07 22:27:57 com_github_MitjaNemec_ReplicateLayout.replicate_layout 985:Src text UUid:f0f70dad-8f25-4221-ac39-fc1a96e8d885
11-07 22:27:57 com_github_MitjaNemec_ReplicateLayout.replicate_layout 986:Dst text UUid:c1f82d10-f470-4f2f-80d4-945e76f2a25b
11-07 22:27:57 com_github_MitjaNemec_ReplicateLayout.replicate_layout 985:Src text UUid:376623e0-e9a1-41ea-8d5d-a76724d5d6fb
11-07 22:27:57 com_github_MitjaNemec_ReplicateLayout.replicate_layout 986:Dst text UUid:00a82549-ee45-433e-a69b-96f9d4db928c
11-07 22:27:57 com_github_MitjaNemec_ReplicateLayout.replicate_layout 985:Src text UUid:23b1bcd6-25eb-436f-a0cd-ff33b5dcf06e
11-07 22:27:57 com_github_MitjaNemec_ReplicateLayout.replicate_layout 986:Dst text UUid:bbdefc30-5cf9-413f-adc9-a1a841077896
11-07 22:27:57 com_github_MitjaNemec_ReplicateLayout.replicate_layout 985:Src text UUid:179d54fb-40cf-4ede-9299-c0829ad55f75
11-07 22:27:57 com_github_MitjaNemec_ReplicateLayout.replicate_layout 986:Dst text UUid:4bd08601-895e-45c5-a56f-6aea81a68e2c
11-07 22:27:57 com_github_MitjaNemec_ReplicateLayout.replicate_layout 985:Src text UUid:37b4b3b5-e5e1-4a19-bc96-74e7073e3771
11-07 22:27:57 com_github_MitjaNemec_ReplicateLayout.replicate_layout 986:Dst text UUid:9ebf3334-8181-4e04-bff6-06db098416e7
11-07 22:27:57 com_github_MitjaNemec_ReplicateLayout.replicate_layout 985:Src text UUid:8ca0b7f5-8bad-45fd-a25f-e7397b8a365b
11-07 22:27:57 com_github_MitjaNemec_ReplicateLayout.replicate_layout 986:Dst text UUid:2e2614dc-bf13-4b5e-9e8b-1ecab40dfb02
11-07 22:27:57 com_github_MitjaNemec_ReplicateLayout.replicate_layout 985:Src text UUid:43597da1-5a72-45db-b3e1-bae60c7c9b71
11-07 22:27:57 com_github_MitjaNemec_ReplicateLayout.replicate_layout 986:Dst text UUid:3ac7724a-9b69-4293-b09b-645155d3faa9
11-07 22:27:57 com_github_MitjaNemec_ReplicateLayout.replicate_layout 985:Src text UUid:dc39225d-697f-4e8b-961e-7ad68999860d
11-07 22:27:57 com_github_MitjaNemec_ReplicateLayout.replicate_layout 986:Dst text UUid:43f8b2af-3fbd-43da-97fd-36390978ccc6
11-07 22:27:57 com_github_MitjaNemec_ReplicateLayout.replicate_layout 985:Src text UUid:c8350ac4-63ab-4091-acf3-9ed8bf4d7014
11-07 22:27:57 com_github_MitjaNemec_ReplicateLayout.replicate_layout 986:Dst text UUid:096ed4be-fa3e-4070-8415-8e48d6385229
11-07 22:27:57 com_github_MitjaNemec_ReplicateLayout.replicate_layout 868:Replicating footprints on sheet ['channel_4']
11-07 22:27:57 com_github_MitjaNemec_ReplicateLayout.replicate_layout 985:Src text UUid:2fac31a4-0fcf-43c2-8b6c-3262d228a9ec
11-07 22:27:57 com_github_MitjaNemec_ReplicateLayout.replicate_layout 986:Dst text UUid:811b1a50-5c7c-4a02-ad80-d67e4620c52d
11-07 22:27:57 com_github_MitjaNemec_ReplicateLayout.replicate_layout 985:Src text UUid:33c7da7e-f149-475a-a571-8c1217223de3
11-07 22:27:57 com_github_MitjaNemec_ReplicateLayout.replicate_layout 986:Dst text UUid:00714ce4-9841-4646-adea-6b31c2641548
11-07 22:27:57 com_github_MitjaNemec_ReplicateLayout.replicate_layout 985:Src text UUid:c2e4b5f8-cf55-418e-9efb-851728e62136
11-07 22:27:57 com_github_MitjaNemec_ReplicateLayout.replicate_layout 986:Dst text UUid:25962cd9-11aa-440c-8b48-e177e98cf40b
11-07 22:27:57 com_github_MitjaNemec_ReplicateLayout.replicate_layout 985:Src text UUid:d001eb8f-9ee8-44f1-bc6c-1bd9864e9823
11-07 22:27:57 com_github_MitjaNemec_ReplicateLayout.replicate_layout 986:Dst text UUid:0f026ea2-d9f6-4ba7-8a52-64e9740ad82e
11-07 22:27:57 com_github_MitjaNemec_ReplicateLayout.replicate_layout 985:Src text UUid:00f961e1-cc3f-42f3-b080-e1d086d5bfee
11-07 22:27:57 com_github_MitjaNemec_ReplicateLayout.replicate_layout 986:Dst text UUid:1e495e34-b6c5-4f15-bc67-d32820258345
11-07 22:27:57 com_github_MitjaNemec_ReplicateLayout.replicate_layout 985:Src text UUid:eb529123-036c-4546-8bcf-6f13206b9c31
11-07 22:27:57 com_github_MitjaNemec_ReplicateLayout.replicate_layout 986:Dst text UUid:30db9701-2647-4bd7-97c1-b43292523691
11-07 22:27:57 com_github_MitjaNemec_ReplicateLayout.replicate_layout 985:Src text UUid:a42f7712-11af-4933-ad38-ede9f54f5269
11-07 22:27:57 com_github_MitjaNemec_ReplicateLayout.replicate_layout 986:Dst text UUid:ad628d51-3ad8-4cff-9331-a9788ccc3b05
11-07 22:27:57 com_github_MitjaNemec_ReplicateLayout.replicate_layout 985:Src text UUid:fcc16384-afcd-45fa-88c2-8f8914db7f58
11-07 22:27:57 com_github_MitjaNemec_ReplicateLayout.replicate_layout 986:Dst text UUid:92bd3b21-0d5d-45f7-839e-3f6d956170ca
11-07 22:27:57 com_github_MitjaNemec_ReplicateLayout.replicate_layout 985:Src text UUid:12be2c3c-5458-4aaa-8c1d-3bc246e440f9
11-07 22:27:57 com_github_MitjaNemec_ReplicateLayout.replicate_layout 986:Dst text UUid:6ba97662-6b53-4dfb-bd25-960dda13edab
11-07 22:27:57 com_github_MitjaNemec_ReplicateLayout.replicate_layout 985:Src text UUid:1710b72b-4dec-4cba-ade4-f7b3ff1557b6
11-07 22:27:57 com_github_MitjaNemec_ReplicateLayout.replicate_layout 986:Dst text UUid:17adc987-73ce-41d7-b1cb-67ef3f1c1225
11-07 22:27:57 com_github_MitjaNemec_ReplicateLayout.replicate_layout 985:Src text UUid:7077cc7f-ad87-4885-b9e4-9adb8a126334
11-07 22:27:57 com_github_MitjaNemec_ReplicateLayout.replicate_layout 986:Dst text UUid:fac605b5-5de8-4f95-aaf0-86bf90c09774
11-07 22:27:57 com_github_MitjaNemec_ReplicateLayout.replicate_layout 985:Src text UUid:6e4cdcef-9ee9-4be7-be21-cbff60960e01
11-07 22:27:57 com_github_MitjaNemec_ReplicateLayout.replicate_layout 986:Dst text UUid:500197d5-2686-4af2-b1b0-1c3d7a77b619
11-07 22:27:57 com_github_MitjaNemec_ReplicateLayout.replicate_layout 985:Src text UUid:94c0d16f-48c1-4c5c-b800-b6b9b303cd7e
11-07 22:27:57 com_github_MitjaNemec_ReplicateLayout.replicate_layout 986:Dst text UUid:4763a32b-543a-424b-8737-3a1f50122694
11-07 22:27:57 com_github_MitjaNemec_ReplicateLayout.replicate_layout 985:Src text UUid:370ab688-e262-446a-8ca3-403179c34c38
11-07 22:27:57 com_github_MitjaNemec_ReplicateLayout.replicate_layout 986:Dst text UUid:954b782e-4582-4399-be0e-b35004bb4b7e
11-07 22:27:57 com_github_MitjaNemec_ReplicateLayout.replicate_layout 985:Src text UUid:a68d117b-4557-4635-8b62-30b52610fb8e
11-07 22:27:57 com_github_MitjaNemec_ReplicateLayout.replicate_layout 986:Dst text UUid:76aa586a-9006-4086-b64e-68b0f603166c
11-07 22:27:57 com_github_MitjaNemec_ReplicateLayout.replicate_layout 985:Src text UUid:3a07dbd9-bec8-4c9e-abab-d285a51a539c
11-07 22:27:57 com_github_MitjaNemec_ReplicateLayout.replicate_layout 986:Dst text UUid:a2db5e96-a179-4fe1-91d6-0632a82e475d
11-07 22:27:57 com_github_MitjaNemec_ReplicateLayout.replicate_layout 985:Src text UUid:6a1af816-1c37-4015-ace8-991bd9db9e72
11-07 22:27:57 com_github_MitjaNemec_ReplicateLayout.replicate_layout 986:Dst text UUid:d44e474b-6a29-481d-a86c-df9dc88c7705
11-07 22:27:57 com_github_MitjaNemec_ReplicateLayout.replicate_layout 985:Src text UUid:44a3415e-0815-44fd-a81f-c83161ed5c00
11-07 22:27:57 com_github_MitjaNemec_ReplicateLayout.replicate_layout 986:Dst text UUid:93245774-e732-4220-817f-94f515a5e9dd
11-07 22:27:57 com_github_MitjaNemec_ReplicateLayout.replicate_layout 985:Src text UUid:f0f70dad-8f25-4221-ac39-fc1a96e8d885
11-07 22:27:57 com_github_MitjaNemec_ReplicateLayout.replicate_layout 986:Dst text UUid:d361df5c-7178-4816-9ce8-b84e97e790b4
11-07 22:27:57 com_github_MitjaNemec_ReplicateLayout.replicate_layout 985:Src text UUid:376623e0-e9a1-41ea-8d5d-a76724d5d6fb
11-07 22:27:57 com_github_MitjaNemec_ReplicateLayout.replicate_layout 986:Dst text UUid:a82e7a11-ee24-4556-ac6a-2ed6c467a653
11-07 22:27:57 com_github_MitjaNemec_ReplicateLayout.replicate_layout 985:Src text UUid:23b1bcd6-25eb-436f-a0cd-ff33b5dcf06e
11-07 22:27:57 com_github_MitjaNemec_ReplicateLayout.replicate_layout 986:Dst text UUid:8852cef8-2b34-44fa-8b57-e4d1de062a16
11-07 22:27:57 com_github_MitjaNemec_ReplicateLayout.replicate_layout 985:Src text UUid:179d54fb-40cf-4ede-9299-c0829ad55f75
11-07 22:27:57 com_github_MitjaNemec_ReplicateLayout.replicate_layout 986:Dst text UUid:835144b4-c239-4458-8a95-417dfc51895f
11-07 22:27:57 com_github_MitjaNemec_ReplicateLayout.replicate_layout 985:Src text UUid:37b4b3b5-e5e1-4a19-bc96-74e7073e3771
11-07 22:27:57 com_github_MitjaNemec_ReplicateLayout.replicate_layout 986:Dst text UUid:6702f78f-7f14-40da-b7f5-28d87080acbb
11-07 22:27:57 com_github_MitjaNemec_ReplicateLayout.replicate_layout 985:Src text UUid:8ca0b7f5-8bad-45fd-a25f-e7397b8a365b
11-07 22:27:57 com_github_MitjaNemec_ReplicateLayout.replicate_layout 986:Dst text UUid:b9081400-66ce-49a3-89a1-b068fa8c0431
11-07 22:27:57 com_github_MitjaNemec_ReplicateLayout.replicate_layout 985:Src text UUid:43597da1-5a72-45db-b3e1-bae60c7c9b71
11-07 22:27:57 com_github_MitjaNemec_ReplicateLayout.replicate_layout 986:Dst text UUid:7bf261bb-a262-4306-b29d-2e4605cae1b5
11-07 22:27:57 com_github_MitjaNemec_ReplicateLayout.replicate_layout 985:Src text UUid:dc39225d-697f-4e8b-961e-7ad68999860d
11-07 22:27:57 com_github_MitjaNemec_ReplicateLayout.replicate_layout 986:Dst text UUid:da7ca809-6595-4f56-9de4-5959deebf817
11-07 22:27:57 com_github_MitjaNemec_ReplicateLayout.replicate_layout 985:Src text UUid:c8350ac4-63ab-4091-acf3-9ed8bf4d7014
11-07 22:27:57 com_github_MitjaNemec_ReplicateLayout.replicate_layout 986:Dst text UUid:b2dd8459-23dc-454b-b284-35ff417151c1
11-07 22:27:57 root 332:updating GUI message: 'Replicating tracks'
11-07 22:27:57 com_github_MitjaNemec_ReplicateLayout.replicate_layout 1009:Replicating tracks
11-07 22:27:57 com_github_MitjaNemec_ReplicateLayout.replicate_layout 1015:Replicating tracks on sheet ['channel_2']
11-07 22:27:57 com_github_MitjaNemec_ReplicateLayout.replicate_layout 792:Net pairs for sheet ['channel_2'] :[('GND', 'GND'), ('Net-(Q3-B)', 'Net-(Q6-B)'), ('/channel_1/HVS', '/channel_2/HVS'), ('/channel_1/HV', '/channel_2/HV'), ('/channel_1/LIO', '/channel_2/LIO'), ('Net-(Q2-B)', 'Net-(Q5-B)'), ('/channel_1/GS', '/channel_2/GS'), ('/channel_1/LV', '/channel_2/LV'), ('/channel_1/HIO', '/channel_2/HIO')]
11-07 22:27:57 root 337:updating GUI with: 1
11-07 22:27:57 com_github_MitjaNemec_ReplicateLayout.replicate_layout 1015:Replicating tracks on sheet ['channel_3']
11-07 22:27:57 com_github_MitjaNemec_ReplicateLayout.replicate_layout 792:Net pairs for sheet ['channel_3'] :[('/channel_1/GS', '/channel_3/GS'), ('GND', 'GND'), ('/channel_1/LIO', '/channel_3/LIO'), ('/channel_1/LV', '/channel_3/LV'), ('/channel_1/HVS', '/channel_3/HVS'), ('/channel_1/HV', '/channel_3/HV'), ('Net-(Q3-B)', 'Net-(Q9-B)'), ('/channel_1/HIO', '/channel_3/HIO'), ('Net-(Q2-B)', 'Net-(Q8-B)')]
11-07 22:27:57 com_github_MitjaNemec_ReplicateLayout.replicate_layout 1015:Replicating tracks on sheet ['channel_4']
11-07 22:27:57 com_github_MitjaNemec_ReplicateLayout.replicate_layout 792:Net pairs for sheet ['channel_4'] :[('/channel_1/LV', '/channel_4/LV'), ('GND', 'GND'), ('/channel_1/HIO', '/channel_4/HIO'), ('Net-(Q3-B)', 'Net-(Q12-B)'), ('Net-(Q2-B)', 'Net-(Q11-B)'), ('/channel_1/GS', '/channel_4/GS'), ('/channel_1/LIO', '/channel_4/LIO'), ('/channel_1/HV', '/channel_4/HV'), ('/channel_1/HVS', '/channel_4/HVS')]
11-07 22:27:57 root 332:updating GUI message: 'Replicating zones'
11-07 22:27:57 com_github_MitjaNemec_ReplicateLayout.replicate_layout 1079:Replicating zones
11-07 22:27:57 com_github_MitjaNemec_ReplicateLayout.replicate_layout 1086:Replicating zones on sheet ['channel_2']
11-07 22:27:57 com_github_MitjaNemec_ReplicateLayout.replicate_layout 792:Net pairs for sheet ['channel_2'] :[('GND', 'GND'), ('Net-(Q3-B)', 'Net-(Q6-B)'), ('/channel_1/HVS', '/channel_2/HVS'), ('/channel_1/HV', '/channel_2/HV'), ('/channel_1/LIO', '/channel_2/LIO'), ('Net-(Q2-B)', 'Net-(Q5-B)'), ('/channel_1/GS', '/channel_2/GS'), ('/channel_1/LV', '/channel_2/LV'), ('/channel_1/HIO', '/channel_2/HIO')]
11-07 22:27:57 com_github_MitjaNemec_ReplicateLayout.replicate_layout 1086:Replicating zones on sheet ['channel_3']
11-07 22:27:57 com_github_MitjaNemec_ReplicateLayout.replicate_layout 792:Net pairs for sheet ['channel_3'] :[('/channel_1/GS', '/channel_3/GS'), ('GND', 'GND'), ('/channel_1/LIO', '/channel_3/LIO'), ('/channel_1/LV', '/channel_3/LV'), ('/channel_1/HVS', '/channel_3/HVS'), ('/channel_1/HV', '/channel_3/HV'), ('Net-(Q3-B)', 'Net-(Q9-B)'), ('/channel_1/HIO', '/channel_3/HIO'), ('Net-(Q2-B)', 'Net-(Q8-B)')]
11-07 22:27:57 com_github_MitjaNemec_ReplicateLayout.replicate_layout 1086:Replicating zones on sheet ['channel_4']
11-07 22:27:57 com_github_MitjaNemec_ReplicateLayout.replicate_layout 792:Net pairs for sheet ['channel_4'] :[('/channel_1/LV', '/channel_4/LV'), ('GND', 'GND'), ('/channel_1/HIO', '/channel_4/HIO'), ('Net-(Q3-B)', 'Net-(Q12-B)'), ('Net-(Q2-B)', 'Net-(Q11-B)'), ('/channel_1/GS', '/channel_4/GS'), ('/channel_1/LIO', '/channel_4/LIO'), ('/channel_1/HV', '/channel_4/HV'), ('/channel_1/HVS', '/channel_4/HVS')]
11-07 22:27:57 root 332:updating GUI message: 'Replicating text'
11-07 22:27:57 com_github_MitjaNemec_ReplicateLayout.replicate_layout 1168:Replicating text
11-07 22:27:57 com_github_MitjaNemec_ReplicateLayout.replicate_layout 1175:Replicating text on sheet ['channel_2']
11-07 22:27:57 com_github_MitjaNemec_ReplicateLayout.replicate_layout 1175:Replicating text on sheet ['channel_3']
11-07 22:27:57 com_github_MitjaNemec_ReplicateLayout.replicate_layout 1175:Replicating text on sheet ['channel_4']
11-07 22:27:57 root 332:updating GUI message: 'Replicating drawings'
11-07 22:27:57 com_github_MitjaNemec_ReplicateLayout.replicate_layout 1219:Replicating drawings
11-07 22:27:57 com_github_MitjaNemec_ReplicateLayout.replicate_layout 1225:Replicating drawings on sheet ['channel_2']
11-07 22:27:57 com_github_MitjaNemec_ReplicateLayout.replicate_layout 1225:Replicating drawings on sheet ['channel_3']
11-07 22:27:57 com_github_MitjaNemec_ReplicateLayout.replicate_layout 1225:Replicating drawings on sheet ['channel_4']
11-07 22:27:57 com_github_MitjaNemec_ReplicateLayout.action_replicate_layout 256:Replication complete
